<?xml version="1.0" encoding="UTF-8"?>
<testng-results skipped="0" failed="0" ignored="0" total="1" passed="1">
  <reporter-output>
  </reporter-output>
  <suite name="Default suite" duration-ms="16745" started-at="2020-11-27T04:16:48Z" finished-at="2020-11-27T04:17:05Z">
    <groups>
    </groups>
    <test name="Default test" duration-ms="16745" started-at="2020-11-27T04:16:48Z" finished-at="2020-11-27T04:17:05Z">
      <class name="PageObjectModel.NTTData.testCases.Guru99HomePageTestCase">
        <test-method status="PASS" signature="setup()[pri:0, instance:PageObjectModel.NTTData.testCases.Guru99HomePageTestCase@1a968a59]" name="setup" is-config="true" duration-ms="10209" started-at="2020-11-27T04:16:48Z" finished-at="2020-11-27T04:16:59Z">
          <reporter-output>
          </reporter-output>
        </test-method> <!-- setup -->
        <test-method status="PASS" signature="testcase1()[pri:0, instance:PageObjectModel.NTTData.testCases.Guru99HomePageTestCase@1a968a59]" name="testcase1" duration-ms="5724" started-at="2020-11-27T04:16:59Z" finished-at="2020-11-27T04:17:04Z">
          <reporter-output>
          </reporter-output>
        </test-method> <!-- testcase1 -->
        <test-method status="PASS" signature="teardown()[pri:0, instance:PageObjectModel.NTTData.testCases.Guru99HomePageTestCase@1a968a59]" name="teardown" is-config="true" duration-ms="797" started-at="2020-11-27T04:17:04Z" finished-at="2020-11-27T04:17:05Z">
          <reporter-output>
          </reporter-output>
        </test-method> <!-- teardown -->
      </class> <!-- PageObjectModel.NTTData.testCases.Guru99HomePageTestCase -->
    </test> <!-- Default test -->
  </suite> <!-- Default suite -->
</testng-results>
